2016-10-05 13:45:25,417 [Worker-3] INFO  o.e.m.c.i.l.LifecycleMappingFactory - Using org.maven.ide.eclipse.wtp.WarLifecycleMapping lifecycle mapping for MavenProject: com.ateam:AssignForce:0.0.1-SNAPSHOT @ C:\Users\Troyal Yosko\my_git_repos\AssignForce\pom.xml.
2016-10-05 13:45:25,748 [Worker-3] INFO  o.e.m.c.i.e.AbstractTransferListenerAdapter - Downloading https://repo.maven.apache.org/maven2/org/springframework/data/spring-data-jpa/1.9.4.RELEASE/spring-data-jpa-1.9.4.RELEASE.pom
2016-10-05 13:45:25,773 [Worker-3] INFO  o.e.m.c.i.e.AbstractTransferListenerAdapter - Downloaded https://repo.maven.apache.org/maven2/org/springframework/data/spring-data-jpa/1.9.4.RELEASE/spring-data-jpa-1.9.4.RELEASE.pom
2016-10-05 13:45:25,796 [Worker-3] INFO  o.e.m.c.i.e.AbstractTransferListenerAdapter - Downloading https://repo.maven.apache.org/maven2/org/springframework/data/build/spring-data-parent/1.7.4.RELEASE/spring-data-parent-1.7.4.RELEASE.pom
2016-10-05 13:45:25,824 [Worker-3] INFO  o.e.m.c.i.e.AbstractTransferListenerAdapter - Downloaded https://repo.maven.apache.org/maven2/org/springframework/data/build/spring-data-parent/1.7.4.RELEASE/spring-data-parent-1.7.4.RELEASE.pom
2016-10-05 13:45:25,856 [Worker-3] INFO  o.e.m.c.i.e.AbstractTransferListenerAdapter - Downloading https://repo.maven.apache.org/maven2/org/springframework/spring-framework-bom/4.1.9.RELEASE/spring-framework-bom-4.1.9.RELEASE.pom
2016-10-05 13:45:25,874 [Worker-3] INFO  o.e.m.c.i.e.AbstractTransferListenerAdapter - Downloaded https://repo.maven.apache.org/maven2/org/springframework/spring-framework-bom/4.1.9.RELEASE/spring-framework-bom-4.1.9.RELEASE.pom
2016-10-05 13:45:25,893 [Worker-3] INFO  o.e.m.c.i.e.AbstractTransferListenerAdapter - Downloading https://repo.maven.apache.org/maven2/org/springframework/data/spring-data-commons/1.11.4.RELEASE/spring-data-commons-1.11.4.RELEASE.pom
2016-10-05 13:45:25,912 [Worker-3] INFO  o.e.m.c.i.e.AbstractTransferListenerAdapter - Downloaded https://repo.maven.apache.org/maven2/org/springframework/data/spring-data-commons/1.11.4.RELEASE/spring-data-commons-1.11.4.RELEASE.pom
2016-10-05 13:45:25,968 [Worker-3] INFO  o.e.m.c.i.e.AbstractTransferListenerAdapter - Downloading https://repo.maven.apache.org/maven2/org/slf4j/jcl-over-slf4j/1.7.16/jcl-over-slf4j-1.7.16.pom
2016-10-05 13:45:25,985 [Worker-3] INFO  o.e.m.c.i.e.AbstractTransferListenerAdapter - Downloaded https://repo.maven.apache.org/maven2/org/slf4j/jcl-over-slf4j/1.7.16/jcl-over-slf4j-1.7.16.pom
2016-10-05 13:45:26,027 [Worker-3] INFO  o.e.m.c.i.e.AbstractTransferListenerAdapter - Downloading https://repo.maven.apache.org/maven2/org/aspectj/aspectjrt/1.8.8/aspectjrt-1.8.8.pom
2016-10-05 13:45:26,047 [Worker-3] INFO  o.e.m.c.i.e.AbstractTransferListenerAdapter - Downloaded https://repo.maven.apache.org/maven2/org/aspectj/aspectjrt/1.8.8/aspectjrt-1.8.8.pom
2016-10-05 13:45:26,435 [Worker-3] INFO  o.e.m.c.i.e.AbstractTransferListenerAdapter - Downloading https://repo.maven.apache.org/maven2/javax/persistence/persistence-api/1.0/persistence-api-1.0.pom
2016-10-05 13:45:26,452 [Worker-3] INFO  o.e.m.c.i.e.AbstractTransferListenerAdapter - Downloaded https://repo.maven.apache.org/maven2/javax/persistence/persistence-api/1.0/persistence-api-1.0.pom
2016-10-05 13:45:26,559 [Worker-3] INFO  o.e.m.c.i.e.AbstractTransferListenerAdapter - Downloading https://repo.maven.apache.org/maven2/org/springframework/spring-webmvc/4.3.3.RELEASE/spring-webmvc-4.3.3.RELEASE.pom
2016-10-05 13:45:26,582 [Worker-3] INFO  o.e.m.c.i.e.AbstractTransferListenerAdapter - Downloaded https://repo.maven.apache.org/maven2/org/springframework/spring-webmvc/4.3.3.RELEASE/spring-webmvc-4.3.3.RELEASE.pom
2016-10-05 13:45:26,599 [Worker-3] INFO  o.e.m.c.i.e.AbstractTransferListenerAdapter - Downloading https://repo.maven.apache.org/maven2/org/springframework/spring-aop/4.3.3.RELEASE/spring-aop-4.3.3.RELEASE.pom
2016-10-05 13:45:26,640 [Worker-3] INFO  o.e.m.c.i.e.AbstractTransferListenerAdapter - Downloaded https://repo.maven.apache.org/maven2/org/springframework/spring-aop/4.3.3.RELEASE/spring-aop-4.3.3.RELEASE.pom
2016-10-05 13:45:26,715 [Worker-3] INFO  o.e.m.c.i.e.AbstractTransferListenerAdapter - Downloading https://repo.maven.apache.org/maven2/org/springframework/data/spring-data-jpa/1.9.4.RELEASE/spring-data-jpa-1.9.4.RELEASE.jar
2016-10-05 13:45:26,771 [Worker-3] INFO  o.e.m.c.i.e.AbstractTransferListenerAdapter - Downloaded https://repo.maven.apache.org/maven2/org/springframework/data/spring-data-jpa/1.9.4.RELEASE/spring-data-jpa-1.9.4.RELEASE.jar
2016-10-05 13:45:26,782 [Worker-3] INFO  o.e.m.c.i.e.AbstractTransferListenerAdapter - Downloading https://repo.maven.apache.org/maven2/org/springframework/data/spring-data-commons/1.11.4.RELEASE/spring-data-commons-1.11.4.RELEASE.jar
2016-10-05 13:45:26,850 [Worker-3] INFO  o.e.m.c.i.e.AbstractTransferListenerAdapter - Downloaded https://repo.maven.apache.org/maven2/org/springframework/data/spring-data-commons/1.11.4.RELEASE/spring-data-commons-1.11.4.RELEASE.jar
2016-10-05 13:45:26,859 [Worker-3] INFO  o.e.m.c.i.e.AbstractTransferListenerAdapter - Downloading https://repo.maven.apache.org/maven2/org/aspectj/aspectjrt/1.8.8/aspectjrt-1.8.8.jar
2016-10-05 13:45:26,884 [Worker-3] INFO  o.e.m.c.i.e.AbstractTransferListenerAdapter - Downloaded https://repo.maven.apache.org/maven2/org/aspectj/aspectjrt/1.8.8/aspectjrt-1.8.8.jar
2016-10-05 13:45:26,892 [Worker-3] INFO  o.e.m.c.i.e.AbstractTransferListenerAdapter - Downloading https://repo.maven.apache.org/maven2/org/slf4j/jcl-over-slf4j/1.7.16/jcl-over-slf4j-1.7.16.jar
2016-10-05 13:45:26,938 [Worker-3] INFO  o.e.m.c.i.e.AbstractTransferListenerAdapter - Downloaded https://repo.maven.apache.org/maven2/org/slf4j/jcl-over-slf4j/1.7.16/jcl-over-slf4j-1.7.16.jar
2016-10-05 13:45:26,948 [Worker-3] INFO  o.e.m.c.i.e.AbstractTransferListenerAdapter - Downloading https://repo.maven.apache.org/maven2/javax/persistence/persistence-api/1.0/persistence-api-1.0.jar
2016-10-05 13:45:26,967 [Worker-3] INFO  o.e.m.c.i.e.AbstractTransferListenerAdapter - Downloaded https://repo.maven.apache.org/maven2/javax/persistence/persistence-api/1.0/persistence-api-1.0.jar
2016-10-05 13:45:26,980 [Worker-3] INFO  o.e.m.c.i.e.AbstractTransferListenerAdapter - Downloading https://repo.maven.apache.org/maven2/org/springframework/spring-webmvc/4.3.3.RELEASE/spring-webmvc-4.3.3.RELEASE.jar
2016-10-05 13:45:27,064 [Worker-3] INFO  o.e.m.c.i.e.AbstractTransferListenerAdapter - Downloaded https://repo.maven.apache.org/maven2/org/springframework/spring-webmvc/4.3.3.RELEASE/spring-webmvc-4.3.3.RELEASE.jar
2016-10-05 13:45:27,075 [Worker-3] INFO  o.e.m.c.i.e.AbstractTransferListenerAdapter - Downloading https://repo.maven.apache.org/maven2/org/springframework/spring-aop/4.3.3.RELEASE/spring-aop-4.3.3.RELEASE.jar
2016-10-05 13:45:27,121 [Worker-3] INFO  o.e.m.c.i.e.AbstractTransferListenerAdapter - Downloaded https://repo.maven.apache.org/maven2/org/springframework/spring-aop/4.3.3.RELEASE/spring-aop-4.3.3.RELEASE.jar
2016-10-05 13:45:29,929 [Worker-3] WARN  o.e.m.c.i.embedder.EclipseLogger - Using platform encoding (Cp1252 actually) to copy filtered resources, i.e. build is platform dependent!
2016-10-05 13:45:29,957 [Worker-3] INFO  o.e.m.c.i.embedder.EclipseLogger - Copying 1 resource
2016-10-05 13:45:29,969 [Worker-3] WARN  o.e.m.c.i.embedder.EclipseLogger - Using platform encoding (Cp1252 actually) to copy filtered resources, i.e. build is platform dependent!
2016-10-05 13:45:29,974 [Worker-3] INFO  o.e.m.c.i.embedder.EclipseLogger - Copying 1 resource
2016-10-05 13:45:32,231 [Worker-15] WARN  o.e.m.c.i.embedder.EclipseLogger - Using platform encoding (Cp1252 actually) to copy filtered resources, i.e. build is platform dependent!
2016-10-05 13:45:32,251 [Worker-15] INFO  o.e.m.c.i.embedder.EclipseLogger - Copying 1 resource
2016-10-05 13:45:32,255 [Worker-15] WARN  o.e.m.c.i.embedder.EclipseLogger - Using platform encoding (Cp1252 actually) to copy filtered resources, i.e. build is platform dependent!
2016-10-05 13:45:32,279 [Worker-15] INFO  o.e.m.c.i.embedder.EclipseLogger - Copying 1 resource
2016-10-05 14:00:17,798 [Worker-29] WARN  o.e.m.c.i.embedder.EclipseLogger - Using platform encoding (Cp1252 actually) to copy filtered resources, i.e. build is platform dependent!
2016-10-05 14:00:17,815 [Worker-29] INFO  o.e.m.c.i.embedder.EclipseLogger - Copying 0 resource
2016-10-05 14:00:17,820 [Worker-29] WARN  o.e.m.c.i.embedder.EclipseLogger - Using platform encoding (Cp1252 actually) to copy filtered resources, i.e. build is platform dependent!
2016-10-05 14:00:17,841 [Worker-29] INFO  o.e.m.c.i.embedder.EclipseLogger - Copying 0 resource
2016-10-05 14:00:27,850 [Worker-30] WARN  o.e.m.c.i.embedder.EclipseLogger - Using platform encoding (Cp1252 actually) to copy filtered resources, i.e. build is platform dependent!
2016-10-05 14:00:27,863 [Worker-30] INFO  o.e.m.c.i.embedder.EclipseLogger - Copying 0 resource
2016-10-05 14:00:27,864 [Worker-30] WARN  o.e.m.c.i.embedder.EclipseLogger - Using platform encoding (Cp1252 actually) to copy filtered resources, i.e. build is platform dependent!
2016-10-05 14:00:27,879 [Worker-30] INFO  o.e.m.c.i.embedder.EclipseLogger - Copying 0 resource
2016-10-05 14:05:46,799 [Worker-32] WARN  o.e.m.c.i.embedder.EclipseLogger - Using platform encoding (Cp1252 actually) to copy filtered resources, i.e. build is platform dependent!
2016-10-05 14:05:46,810 [Worker-32] INFO  o.e.m.c.i.embedder.EclipseLogger - Copying 1 resource
2016-10-05 14:05:46,816 [Worker-32] WARN  o.e.m.c.i.embedder.EclipseLogger - Using platform encoding (Cp1252 actually) to copy filtered resources, i.e. build is platform dependent!
2016-10-05 14:05:46,827 [Worker-32] INFO  o.e.m.c.i.embedder.EclipseLogger - Copying 0 resource
2016-10-05 14:05:48,095 [Worker-34] WARN  o.e.m.c.i.embedder.EclipseLogger - Using platform encoding (Cp1252 actually) to copy filtered resources, i.e. build is platform dependent!
2016-10-05 14:05:48,124 [Worker-34] INFO  o.e.m.c.i.embedder.EclipseLogger - Copying 0 resource
2016-10-05 14:05:48,126 [Worker-34] WARN  o.e.m.c.i.embedder.EclipseLogger - Using platform encoding (Cp1252 actually) to copy filtered resources, i.e. build is platform dependent!
2016-10-05 14:05:48,133 [Worker-34] INFO  o.e.m.c.i.embedder.EclipseLogger - Copying 0 resource
2016-10-05 14:27:28,833 [Worker-41] WARN  o.e.m.c.i.embedder.EclipseLogger - Using platform encoding (Cp1252 actually) to copy filtered resources, i.e. build is platform dependent!
2016-10-05 14:27:28,876 [Worker-41] INFO  o.e.m.c.i.embedder.EclipseLogger - Copying 1 resource
2016-10-05 14:27:28,883 [Worker-41] WARN  o.e.m.c.i.embedder.EclipseLogger - Using platform encoding (Cp1252 actually) to copy filtered resources, i.e. build is platform dependent!
2016-10-05 14:27:28,907 [Worker-41] INFO  o.e.m.c.i.embedder.EclipseLogger - Copying 0 resource
2016-10-05 14:27:32,197 [Worker-41] WARN  o.e.m.c.i.embedder.EclipseLogger - Using platform encoding (Cp1252 actually) to copy filtered resources, i.e. build is platform dependent!
2016-10-05 14:27:32,204 [Worker-41] INFO  o.e.m.c.i.embedder.EclipseLogger - Copying 1 resource
2016-10-05 14:27:32,208 [Worker-41] WARN  o.e.m.c.i.embedder.EclipseLogger - Using platform encoding (Cp1252 actually) to copy filtered resources, i.e. build is platform dependent!
2016-10-05 14:27:32,219 [Worker-41] INFO  o.e.m.c.i.embedder.EclipseLogger - Copying 0 resource
2016-10-05 14:33:05,273 [Worker-35] WARN  o.e.m.c.i.embedder.EclipseLogger - Using platform encoding (Cp1252 actually) to copy filtered resources, i.e. build is platform dependent!
2016-10-05 14:33:05,281 [Worker-35] INFO  o.e.m.c.i.embedder.EclipseLogger - Copying 1 resource
2016-10-05 14:33:05,287 [Worker-35] WARN  o.e.m.c.i.embedder.EclipseLogger - Using platform encoding (Cp1252 actually) to copy filtered resources, i.e. build is platform dependent!
2016-10-05 14:33:05,299 [Worker-35] INFO  o.e.m.c.i.embedder.EclipseLogger - Copying 0 resource
2016-10-05 14:34:12,611 [Worker-43] WARN  o.e.m.c.i.embedder.EclipseLogger - Using platform encoding (Cp1252 actually) to copy filtered resources, i.e. build is platform dependent!
2016-10-05 14:34:12,617 [Worker-43] INFO  o.e.m.c.i.embedder.EclipseLogger - Copying 1 resource
2016-10-05 14:34:12,619 [Worker-43] WARN  o.e.m.c.i.embedder.EclipseLogger - Using platform encoding (Cp1252 actually) to copy filtered resources, i.e. build is platform dependent!
2016-10-05 14:34:12,629 [Worker-43] INFO  o.e.m.c.i.embedder.EclipseLogger - Copying 0 resource
2016-10-05 14:38:08,851 [Worker-46] WARN  o.e.m.c.i.embedder.EclipseLogger - Using platform encoding (Cp1252 actually) to copy filtered resources, i.e. build is platform dependent!
2016-10-05 14:38:08,890 [Worker-46] INFO  o.e.m.c.i.embedder.EclipseLogger - Copying 1 resource
2016-10-05 14:38:08,896 [Worker-46] WARN  o.e.m.c.i.embedder.EclipseLogger - Using platform encoding (Cp1252 actually) to copy filtered resources, i.e. build is platform dependent!
2016-10-05 14:38:08,904 [Worker-46] INFO  o.e.m.c.i.embedder.EclipseLogger - Copying 0 resource
2016-10-05 14:43:53,558 [Worker-47] WARN  o.e.m.c.i.embedder.EclipseLogger - Using platform encoding (Cp1252 actually) to copy filtered resources, i.e. build is platform dependent!
2016-10-05 14:43:53,569 [Worker-47] INFO  o.e.m.c.i.embedder.EclipseLogger - Copying 1 resource
2016-10-05 14:43:53,571 [Worker-47] WARN  o.e.m.c.i.embedder.EclipseLogger - Using platform encoding (Cp1252 actually) to copy filtered resources, i.e. build is platform dependent!
2016-10-05 14:43:53,583 [Worker-47] INFO  o.e.m.c.i.embedder.EclipseLogger - Copying 0 resource
2016-10-05 14:43:55,955 [Worker-48] WARN  o.e.m.c.i.embedder.EclipseLogger - Using platform encoding (Cp1252 actually) to copy filtered resources, i.e. build is platform dependent!
2016-10-05 14:43:55,967 [Worker-48] INFO  o.e.m.c.i.embedder.EclipseLogger - Copying 1 resource
2016-10-05 14:43:55,972 [Worker-48] WARN  o.e.m.c.i.embedder.EclipseLogger - Using platform encoding (Cp1252 actually) to copy filtered resources, i.e. build is platform dependent!
2016-10-05 14:43:55,983 [Worker-48] INFO  o.e.m.c.i.embedder.EclipseLogger - Copying 0 resource
2016-10-05 14:44:51,548 [Worker-48] WARN  o.e.m.c.i.embedder.EclipseLogger - Using platform encoding (Cp1252 actually) to copy filtered resources, i.e. build is platform dependent!
2016-10-05 14:44:51,555 [Worker-48] INFO  o.e.m.c.i.embedder.EclipseLogger - Copying 1 resource
2016-10-05 14:44:51,557 [Worker-48] WARN  o.e.m.c.i.embedder.EclipseLogger - Using platform encoding (Cp1252 actually) to copy filtered resources, i.e. build is platform dependent!
2016-10-05 14:44:51,568 [Worker-48] INFO  o.e.m.c.i.embedder.EclipseLogger - Copying 0 resource
2016-10-05 15:06:23,150 [Worker-55] WARN  o.e.m.c.i.embedder.EclipseLogger - Using platform encoding (Cp1252 actually) to copy filtered resources, i.e. build is platform dependent!
2016-10-05 15:06:23,180 [Worker-55] INFO  o.e.m.c.i.embedder.EclipseLogger - Copying 1 resource
2016-10-05 15:06:23,188 [Worker-55] WARN  o.e.m.c.i.embedder.EclipseLogger - Using platform encoding (Cp1252 actually) to copy filtered resources, i.e. build is platform dependent!
2016-10-05 15:06:23,201 [Worker-55] INFO  o.e.m.c.i.embedder.EclipseLogger - Copying 0 resource
2016-10-05 15:12:51,707 [Worker-55] WARN  o.e.m.c.i.embedder.EclipseLogger - Using platform encoding (Cp1252 actually) to copy filtered resources, i.e. build is platform dependent!
2016-10-05 15:12:51,715 [Worker-55] INFO  o.e.m.c.i.embedder.EclipseLogger - Copying 1 resource
2016-10-05 15:12:51,719 [Worker-55] WARN  o.e.m.c.i.embedder.EclipseLogger - Using platform encoding (Cp1252 actually) to copy filtered resources, i.e. build is platform dependent!
2016-10-05 15:12:51,729 [Worker-55] INFO  o.e.m.c.i.embedder.EclipseLogger - Copying 0 resource
2016-10-05 15:13:07,603 [Worker-57] WARN  o.e.m.c.i.embedder.EclipseLogger - Using platform encoding (Cp1252 actually) to copy filtered resources, i.e. build is platform dependent!
2016-10-05 15:13:07,612 [Worker-57] INFO  o.e.m.c.i.embedder.EclipseLogger - Copying 1 resource
2016-10-05 15:13:07,617 [Worker-57] WARN  o.e.m.c.i.embedder.EclipseLogger - Using platform encoding (Cp1252 actually) to copy filtered resources, i.e. build is platform dependent!
2016-10-05 15:13:07,628 [Worker-57] INFO  o.e.m.c.i.embedder.EclipseLogger - Copying 0 resource
2016-10-05 15:13:41,896 [Worker-58] WARN  o.e.m.c.i.embedder.EclipseLogger - Using platform encoding (Cp1252 actually) to copy filtered resources, i.e. build is platform dependent!
2016-10-05 15:13:41,901 [Worker-58] INFO  o.e.m.c.i.embedder.EclipseLogger - Copying 1 resource
2016-10-05 15:13:41,902 [Worker-58] WARN  o.e.m.c.i.embedder.EclipseLogger - Using platform encoding (Cp1252 actually) to copy filtered resources, i.e. build is platform dependent!
2016-10-05 15:13:41,910 [Worker-58] INFO  o.e.m.c.i.embedder.EclipseLogger - Copying 0 resource
2016-10-05 15:16:34,375 [Worker-56] WARN  o.e.m.c.i.embedder.EclipseLogger - Using platform encoding (Cp1252 actually) to copy filtered resources, i.e. build is platform dependent!
2016-10-05 15:16:34,386 [Worker-56] INFO  o.e.m.c.i.embedder.EclipseLogger - Copying 1 resource
2016-10-05 15:16:34,391 [Worker-56] WARN  o.e.m.c.i.embedder.EclipseLogger - Using platform encoding (Cp1252 actually) to copy filtered resources, i.e. build is platform dependent!
2016-10-05 15:16:34,405 [Worker-56] INFO  o.e.m.c.i.embedder.EclipseLogger - Copying 0 resource
2016-10-05 15:19:58,080 [Worker-57] WARN  o.e.m.c.i.embedder.EclipseLogger - Using platform encoding (Cp1252 actually) to copy filtered resources, i.e. build is platform dependent!
2016-10-05 15:19:58,086 [Worker-57] INFO  o.e.m.c.i.embedder.EclipseLogger - Copying 1 resource
2016-10-05 15:19:58,087 [Worker-57] WARN  o.e.m.c.i.embedder.EclipseLogger - Using platform encoding (Cp1252 actually) to copy filtered resources, i.e. build is platform dependent!
2016-10-05 15:19:58,096 [Worker-57] INFO  o.e.m.c.i.embedder.EclipseLogger - Copying 0 resource
2016-10-05 15:22:07,138 [Worker-58] WARN  o.e.m.c.i.embedder.EclipseLogger - Using platform encoding (Cp1252 actually) to copy filtered resources, i.e. build is platform dependent!
2016-10-05 15:22:07,153 [Worker-58] INFO  o.e.m.c.i.embedder.EclipseLogger - Copying 1 resource
2016-10-05 15:22:07,159 [Worker-58] WARN  o.e.m.c.i.embedder.EclipseLogger - Using platform encoding (Cp1252 actually) to copy filtered resources, i.e. build is platform dependent!
2016-10-05 15:22:07,171 [Worker-58] INFO  o.e.m.c.i.embedder.EclipseLogger - Copying 0 resource
2016-10-05 15:22:57,881 [Worker-55] WARN  o.e.m.c.i.embedder.EclipseLogger - Using platform encoding (Cp1252 actually) to copy filtered resources, i.e. build is platform dependent!
2016-10-05 15:22:57,892 [Worker-55] INFO  o.e.m.c.i.embedder.EclipseLogger - Copying 1 resource
2016-10-05 15:22:57,893 [Worker-55] WARN  o.e.m.c.i.embedder.EclipseLogger - Using platform encoding (Cp1252 actually) to copy filtered resources, i.e. build is platform dependent!
2016-10-05 15:22:57,904 [Worker-55] INFO  o.e.m.c.i.embedder.EclipseLogger - Copying 0 resource
2016-10-05 15:23:35,141 [Worker-55] WARN  o.e.m.c.i.embedder.EclipseLogger - Using platform encoding (Cp1252 actually) to copy filtered resources, i.e. build is platform dependent!
2016-10-05 15:23:35,154 [Worker-55] INFO  o.e.m.c.i.embedder.EclipseLogger - Copying 1 resource
2016-10-05 15:23:35,163 [Worker-55] WARN  o.e.m.c.i.embedder.EclipseLogger - Using platform encoding (Cp1252 actually) to copy filtered resources, i.e. build is platform dependent!
2016-10-05 15:23:35,174 [Worker-55] INFO  o.e.m.c.i.embedder.EclipseLogger - Copying 0 resource
2016-10-05 15:24:16,314 [Worker-57] WARN  o.e.m.c.i.embedder.EclipseLogger - Using platform encoding (Cp1252 actually) to copy filtered resources, i.e. build is platform dependent!
2016-10-05 15:24:16,320 [Worker-57] INFO  o.e.m.c.i.embedder.EclipseLogger - Copying 1 resource
2016-10-05 15:24:16,321 [Worker-57] WARN  o.e.m.c.i.embedder.EclipseLogger - Using platform encoding (Cp1252 actually) to copy filtered resources, i.e. build is platform dependent!
2016-10-05 15:24:16,331 [Worker-57] INFO  o.e.m.c.i.embedder.EclipseLogger - Copying 0 resource
2016-10-05 15:25:12,670 [Worker-60] WARN  o.e.m.c.i.embedder.EclipseLogger - Using platform encoding (Cp1252 actually) to copy filtered resources, i.e. build is platform dependent!
2016-10-05 15:25:12,678 [Worker-60] INFO  o.e.m.c.i.embedder.EclipseLogger - Copying 1 resource
2016-10-05 15:25:12,683 [Worker-60] WARN  o.e.m.c.i.embedder.EclipseLogger - Using platform encoding (Cp1252 actually) to copy filtered resources, i.e. build is platform dependent!
2016-10-05 15:25:12,690 [Worker-60] INFO  o.e.m.c.i.embedder.EclipseLogger - Copying 0 resource
2016-10-05 15:25:26,212 [Worker-57] WARN  o.e.m.c.i.embedder.EclipseLogger - Using platform encoding (Cp1252 actually) to copy filtered resources, i.e. build is platform dependent!
2016-10-05 15:25:26,237 [Worker-57] INFO  o.e.m.c.i.embedder.EclipseLogger - Copying 1 resource
2016-10-05 15:25:26,239 [Worker-57] WARN  o.e.m.c.i.embedder.EclipseLogger - Using platform encoding (Cp1252 actually) to copy filtered resources, i.e. build is platform dependent!
2016-10-05 15:25:26,250 [Worker-57] INFO  o.e.m.c.i.embedder.EclipseLogger - Copying 0 resource
2016-10-05 15:26:57,670 [Worker-57] WARN  o.e.m.c.i.embedder.EclipseLogger - Using platform encoding (Cp1252 actually) to copy filtered resources, i.e. build is platform dependent!
2016-10-05 15:26:57,678 [Worker-57] INFO  o.e.m.c.i.embedder.EclipseLogger - Copying 1 resource
2016-10-05 15:26:57,683 [Worker-57] WARN  o.e.m.c.i.embedder.EclipseLogger - Using platform encoding (Cp1252 actually) to copy filtered resources, i.e. build is platform dependent!
2016-10-05 15:26:57,690 [Worker-57] INFO  o.e.m.c.i.embedder.EclipseLogger - Copying 0 resource
2016-10-05 15:27:01,787 [Worker-60] WARN  o.e.m.c.i.embedder.EclipseLogger - Using platform encoding (Cp1252 actually) to copy filtered resources, i.e. build is platform dependent!
2016-10-05 15:27:01,792 [Worker-60] INFO  o.e.m.c.i.embedder.EclipseLogger - Copying 1 resource
2016-10-05 15:27:01,794 [Worker-60] WARN  o.e.m.c.i.embedder.EclipseLogger - Using platform encoding (Cp1252 actually) to copy filtered resources, i.e. build is platform dependent!
2016-10-05 15:27:01,804 [Worker-60] INFO  o.e.m.c.i.embedder.EclipseLogger - Copying 0 resource
2016-10-05 15:28:00,381 [Worker-61] WARN  o.e.m.c.i.embedder.EclipseLogger - Using platform encoding (Cp1252 actually) to copy filtered resources, i.e. build is platform dependent!
2016-10-05 15:28:00,388 [Worker-61] INFO  o.e.m.c.i.embedder.EclipseLogger - Copying 1 resource
2016-10-05 15:28:00,394 [Worker-61] WARN  o.e.m.c.i.embedder.EclipseLogger - Using platform encoding (Cp1252 actually) to copy filtered resources, i.e. build is platform dependent!
2016-10-05 15:28:00,401 [Worker-61] INFO  o.e.m.c.i.embedder.EclipseLogger - Copying 0 resource
2016-10-05 15:44:46,963 [Worker-58] WARN  o.e.m.c.i.embedder.EclipseLogger - Using platform encoding (Cp1252 actually) to copy filtered resources, i.e. build is platform dependent!
2016-10-05 15:44:46,978 [Worker-58] INFO  o.e.m.c.i.embedder.EclipseLogger - Copying 1 resource
2016-10-05 15:44:46,981 [Worker-58] WARN  o.e.m.c.i.embedder.EclipseLogger - Using platform encoding (Cp1252 actually) to copy filtered resources, i.e. build is platform dependent!
2016-10-05 15:44:46,994 [Worker-58] INFO  o.e.m.c.i.embedder.EclipseLogger - Copying 0 resource
2016-10-05 15:45:25,814 [Worker-63] WARN  o.e.m.c.i.embedder.EclipseLogger - Using platform encoding (Cp1252 actually) to copy filtered resources, i.e. build is platform dependent!
2016-10-05 15:45:25,825 [Worker-63] INFO  o.e.m.c.i.embedder.EclipseLogger - Copying 1 resource
2016-10-05 15:45:25,830 [Worker-63] WARN  o.e.m.c.i.embedder.EclipseLogger - Using platform encoding (Cp1252 actually) to copy filtered resources, i.e. build is platform dependent!
2016-10-05 15:45:25,838 [Worker-63] INFO  o.e.m.c.i.embedder.EclipseLogger - Copying 0 resource
2016-10-05 15:45:39,441 [Worker-58] WARN  o.e.m.c.i.embedder.EclipseLogger - Using platform encoding (Cp1252 actually) to copy filtered resources, i.e. build is platform dependent!
2016-10-05 15:45:39,446 [Worker-58] INFO  o.e.m.c.i.embedder.EclipseLogger - Copying 1 resource
2016-10-05 15:45:39,448 [Worker-58] WARN  o.e.m.c.i.embedder.EclipseLogger - Using platform encoding (Cp1252 actually) to copy filtered resources, i.e. build is platform dependent!
2016-10-05 15:45:39,456 [Worker-58] INFO  o.e.m.c.i.embedder.EclipseLogger - Copying 0 resource
2016-10-05 15:46:30,699 [Worker-58] WARN  o.e.m.c.i.embedder.EclipseLogger - Using platform encoding (Cp1252 actually) to copy filtered resources, i.e. build is platform dependent!
2016-10-05 15:46:30,708 [Worker-58] INFO  o.e.m.c.i.embedder.EclipseLogger - Copying 1 resource
2016-10-05 15:46:30,714 [Worker-58] WARN  o.e.m.c.i.embedder.EclipseLogger - Using platform encoding (Cp1252 actually) to copy filtered resources, i.e. build is platform dependent!
2016-10-05 15:46:30,722 [Worker-58] INFO  o.e.m.c.i.embedder.EclipseLogger - Copying 0 resource
2016-10-05 15:50:31,199 [Worker-64] WARN  o.e.m.c.i.embedder.EclipseLogger - Using platform encoding (Cp1252 actually) to copy filtered resources, i.e. build is platform dependent!
2016-10-05 15:50:31,204 [Worker-64] INFO  o.e.m.c.i.embedder.EclipseLogger - Copying 1 resource
2016-10-05 15:50:31,206 [Worker-64] WARN  o.e.m.c.i.embedder.EclipseLogger - Using platform encoding (Cp1252 actually) to copy filtered resources, i.e. build is platform dependent!
2016-10-05 15:50:31,215 [Worker-64] INFO  o.e.m.c.i.embedder.EclipseLogger - Copying 0 resource
2016-10-05 15:51:01,336 [Worker-63] WARN  o.e.m.c.i.embedder.EclipseLogger - Using platform encoding (Cp1252 actually) to copy filtered resources, i.e. build is platform dependent!
2016-10-05 15:51:01,344 [Worker-63] INFO  o.e.m.c.i.embedder.EclipseLogger - Copying 1 resource
2016-10-05 15:51:01,350 [Worker-63] WARN  o.e.m.c.i.embedder.EclipseLogger - Using platform encoding (Cp1252 actually) to copy filtered resources, i.e. build is platform dependent!
2016-10-05 15:51:01,358 [Worker-63] INFO  o.e.m.c.i.embedder.EclipseLogger - Copying 0 resource
2016-10-05 15:51:24,563 [Worker-62] WARN  o.e.m.c.i.embedder.EclipseLogger - Using platform encoding (Cp1252 actually) to copy filtered resources, i.e. build is platform dependent!
2016-10-05 15:51:24,570 [Worker-62] INFO  o.e.m.c.i.embedder.EclipseLogger - Copying 1 resource
2016-10-05 15:51:24,572 [Worker-62] WARN  o.e.m.c.i.embedder.EclipseLogger - Using platform encoding (Cp1252 actually) to copy filtered resources, i.e. build is platform dependent!
2016-10-05 15:51:24,582 [Worker-62] INFO  o.e.m.c.i.embedder.EclipseLogger - Copying 0 resource
2016-10-05 15:53:33,692 [Worker-55] WARN  o.e.m.c.i.embedder.EclipseLogger - Using platform encoding (Cp1252 actually) to copy filtered resources, i.e. build is platform dependent!
2016-10-05 15:53:33,706 [Worker-55] INFO  o.e.m.c.i.embedder.EclipseLogger - Copying 1 resource
2016-10-05 15:53:33,717 [Worker-55] WARN  o.e.m.c.i.embedder.EclipseLogger - Using platform encoding (Cp1252 actually) to copy filtered resources, i.e. build is platform dependent!
2016-10-05 15:53:33,728 [Worker-55] INFO  o.e.m.c.i.embedder.EclipseLogger - Copying 0 resource
2016-10-05 15:54:45,213 [Worker-57] WARN  o.e.m.c.i.embedder.EclipseLogger - Using platform encoding (Cp1252 actually) to copy filtered resources, i.e. build is platform dependent!
2016-10-05 15:54:45,218 [Worker-57] INFO  o.e.m.c.i.embedder.EclipseLogger - Copying 1 resource
2016-10-05 15:54:45,219 [Worker-57] WARN  o.e.m.c.i.embedder.EclipseLogger - Using platform encoding (Cp1252 actually) to copy filtered resources, i.e. build is platform dependent!
2016-10-05 15:54:45,228 [Worker-57] INFO  o.e.m.c.i.embedder.EclipseLogger - Copying 0 resource
2016-10-05 16:03:02,478 [Worker-55] WARN  o.e.m.c.i.embedder.EclipseLogger - Using platform encoding (Cp1252 actually) to copy filtered resources, i.e. build is platform dependent!
2016-10-05 16:03:02,525 [Worker-55] INFO  o.e.m.c.i.embedder.EclipseLogger - Copying 1 resource
2016-10-05 16:03:02,536 [Worker-55] WARN  o.e.m.c.i.embedder.EclipseLogger - Using platform encoding (Cp1252 actually) to copy filtered resources, i.e. build is platform dependent!
2016-10-05 16:03:02,549 [Worker-55] INFO  o.e.m.c.i.embedder.EclipseLogger - Copying 0 resource
2016-10-05 16:03:37,980 [Worker-65] WARN  o.e.m.c.i.embedder.EclipseLogger - Using platform encoding (Cp1252 actually) to copy filtered resources, i.e. build is platform dependent!
2016-10-05 16:03:37,987 [Worker-65] INFO  o.e.m.c.i.embedder.EclipseLogger - Copying 1 resource
2016-10-05 16:03:37,988 [Worker-65] WARN  o.e.m.c.i.embedder.EclipseLogger - Using platform encoding (Cp1252 actually) to copy filtered resources, i.e. build is platform dependent!
2016-10-05 16:03:38,001 [Worker-65] INFO  o.e.m.c.i.embedder.EclipseLogger - Copying 0 resource
2016-10-05 19:34:48,608 [Worker-80] WARN  o.e.m.c.i.embedder.EclipseLogger - Using platform encoding (Cp1252 actually) to copy filtered resources, i.e. build is platform dependent!
2016-10-05 19:34:48,619 [Worker-80] INFO  o.e.m.c.i.embedder.EclipseLogger - Copying 1 resource
2016-10-05 19:34:48,628 [Worker-80] WARN  o.e.m.c.i.embedder.EclipseLogger - Using platform encoding (Cp1252 actually) to copy filtered resources, i.e. build is platform dependent!
2016-10-05 19:34:48,639 [Worker-80] INFO  o.e.m.c.i.embedder.EclipseLogger - Copying 0 resource
2016-10-05 19:35:47,379 [Worker-79] WARN  o.e.m.c.i.embedder.EclipseLogger - Using platform encoding (Cp1252 actually) to copy filtered resources, i.e. build is platform dependent!
2016-10-05 19:35:47,389 [Worker-79] INFO  o.e.m.c.i.embedder.EclipseLogger - Copying 1 resource
2016-10-05 19:35:47,391 [Worker-79] WARN  o.e.m.c.i.embedder.EclipseLogger - Using platform encoding (Cp1252 actually) to copy filtered resources, i.e. build is platform dependent!
2016-10-05 19:35:47,404 [Worker-79] INFO  o.e.m.c.i.embedder.EclipseLogger - Copying 0 resource
2016-10-05 19:47:06,624 [Worker-85] WARN  o.e.m.c.i.embedder.EclipseLogger - Using platform encoding (Cp1252 actually) to copy filtered resources, i.e. build is platform dependent!
2016-10-05 19:47:06,634 [Worker-85] INFO  o.e.m.c.i.embedder.EclipseLogger - Copying 1 resource
2016-10-05 19:47:06,639 [Worker-85] WARN  o.e.m.c.i.embedder.EclipseLogger - Using platform encoding (Cp1252 actually) to copy filtered resources, i.e. build is platform dependent!
2016-10-05 19:47:06,650 [Worker-85] INFO  o.e.m.c.i.embedder.EclipseLogger - Copying 0 resource
2016-10-05 19:49:34,851 [Worker-87] WARN  o.e.m.c.i.embedder.EclipseLogger - Using platform encoding (Cp1252 actually) to copy filtered resources, i.e. build is platform dependent!
2016-10-05 19:49:34,860 [Worker-87] INFO  o.e.m.c.i.embedder.EclipseLogger - Copying 1 resource
2016-10-05 19:49:34,861 [Worker-87] WARN  o.e.m.c.i.embedder.EclipseLogger - Using platform encoding (Cp1252 actually) to copy filtered resources, i.e. build is platform dependent!
2016-10-05 19:49:34,873 [Worker-87] INFO  o.e.m.c.i.embedder.EclipseLogger - Copying 0 resource
2016-10-05 19:50:08,882 [Worker-87] WARN  o.e.m.c.i.embedder.EclipseLogger - Using platform encoding (Cp1252 actually) to copy filtered resources, i.e. build is platform dependent!
2016-10-05 19:50:08,896 [Worker-87] INFO  o.e.m.c.i.embedder.EclipseLogger - Copying 1 resource
2016-10-05 19:50:08,902 [Worker-87] WARN  o.e.m.c.i.embedder.EclipseLogger - Using platform encoding (Cp1252 actually) to copy filtered resources, i.e. build is platform dependent!
2016-10-05 19:50:08,912 [Worker-87] INFO  o.e.m.c.i.embedder.EclipseLogger - Copying 0 resource
2016-10-05 19:50:23,578 [Worker-81] WARN  o.e.m.c.i.embedder.EclipseLogger - Using platform encoding (Cp1252 actually) to copy filtered resources, i.e. build is platform dependent!
2016-10-05 19:50:23,586 [Worker-81] INFO  o.e.m.c.i.embedder.EclipseLogger - Copying 1 resource
2016-10-05 19:50:23,588 [Worker-81] WARN  o.e.m.c.i.embedder.EclipseLogger - Using platform encoding (Cp1252 actually) to copy filtered resources, i.e. build is platform dependent!
2016-10-05 19:50:23,602 [Worker-81] INFO  o.e.m.c.i.embedder.EclipseLogger - Copying 0 resource
2016-10-05 19:51:02,769 [Worker-83] WARN  o.e.m.c.i.embedder.EclipseLogger - Using platform encoding (Cp1252 actually) to copy filtered resources, i.e. build is platform dependent!
2016-10-05 19:51:02,782 [Worker-83] INFO  o.e.m.c.i.embedder.EclipseLogger - Copying 1 resource
2016-10-05 19:51:02,788 [Worker-83] WARN  o.e.m.c.i.embedder.EclipseLogger - Using platform encoding (Cp1252 actually) to copy filtered resources, i.e. build is platform dependent!
2016-10-05 19:51:02,797 [Worker-83] INFO  o.e.m.c.i.embedder.EclipseLogger - Copying 0 resource
2016-10-05 19:51:58,572 [Worker-55] WARN  o.e.m.c.i.embedder.EclipseLogger - Using platform encoding (Cp1252 actually) to copy filtered resources, i.e. build is platform dependent!
2016-10-05 19:51:58,590 [Worker-55] INFO  o.e.m.c.i.embedder.EclipseLogger - Copying 1 resource
2016-10-05 19:51:58,592 [Worker-55] WARN  o.e.m.c.i.embedder.EclipseLogger - Using platform encoding (Cp1252 actually) to copy filtered resources, i.e. build is platform dependent!
2016-10-05 19:51:58,608 [Worker-55] INFO  o.e.m.c.i.embedder.EclipseLogger - Copying 0 resource
2016-10-05 19:52:44,427 [Worker-87] WARN  o.e.m.c.i.embedder.EclipseLogger - Using platform encoding (Cp1252 actually) to copy filtered resources, i.e. build is platform dependent!
2016-10-05 19:52:44,437 [Worker-87] INFO  o.e.m.c.i.embedder.EclipseLogger - Copying 1 resource
2016-10-05 19:52:44,443 [Worker-87] WARN  o.e.m.c.i.embedder.EclipseLogger - Using platform encoding (Cp1252 actually) to copy filtered resources, i.e. build is platform dependent!
2016-10-05 19:52:44,450 [Worker-87] INFO  o.e.m.c.i.embedder.EclipseLogger - Copying 0 resource
2016-10-05 19:53:39,395 [Worker-81] WARN  o.e.m.c.i.embedder.EclipseLogger - Using platform encoding (Cp1252 actually) to copy filtered resources, i.e. build is platform dependent!
2016-10-05 19:53:39,400 [Worker-81] INFO  o.e.m.c.i.embedder.EclipseLogger - Copying 1 resource
2016-10-05 19:53:39,401 [Worker-81] WARN  o.e.m.c.i.embedder.EclipseLogger - Using platform encoding (Cp1252 actually) to copy filtered resources, i.e. build is platform dependent!
2016-10-05 19:53:39,410 [Worker-81] INFO  o.e.m.c.i.embedder.EclipseLogger - Copying 0 resource
2016-10-05 19:55:13,003 [Worker-87] WARN  o.e.m.c.i.embedder.EclipseLogger - Using platform encoding (Cp1252 actually) to copy filtered resources, i.e. build is platform dependent!
2016-10-05 19:55:13,012 [Worker-87] INFO  o.e.m.c.i.embedder.EclipseLogger - Copying 1 resource
2016-10-05 19:55:13,017 [Worker-87] WARN  o.e.m.c.i.embedder.EclipseLogger - Using platform encoding (Cp1252 actually) to copy filtered resources, i.e. build is platform dependent!
2016-10-05 19:55:13,024 [Worker-87] INFO  o.e.m.c.i.embedder.EclipseLogger - Copying 0 resource
2016-10-05 19:56:09,945 [Worker-86] WARN  o.e.m.c.i.embedder.EclipseLogger - Using platform encoding (Cp1252 actually) to copy filtered resources, i.e. build is platform dependent!
2016-10-05 19:56:09,952 [Worker-86] INFO  o.e.m.c.i.embedder.EclipseLogger - Copying 1 resource
2016-10-05 19:56:09,954 [Worker-86] WARN  o.e.m.c.i.embedder.EclipseLogger - Using platform encoding (Cp1252 actually) to copy filtered resources, i.e. build is platform dependent!
2016-10-05 19:56:09,963 [Worker-86] INFO  o.e.m.c.i.embedder.EclipseLogger - Copying 0 resource
2016-10-05 19:56:30,493 [Worker-88] WARN  o.e.m.c.i.embedder.EclipseLogger - Using platform encoding (Cp1252 actually) to copy filtered resources, i.e. build is platform dependent!
2016-10-05 19:56:30,513 [Worker-88] INFO  o.e.m.c.i.embedder.EclipseLogger - Copying 1 resource
2016-10-05 19:56:30,520 [Worker-88] WARN  o.e.m.c.i.embedder.EclipseLogger - Using platform encoding (Cp1252 actually) to copy filtered resources, i.e. build is platform dependent!
2016-10-05 19:56:30,532 [Worker-88] INFO  o.e.m.c.i.embedder.EclipseLogger - Copying 0 resource
2016-10-05 19:56:51,504 [Worker-55] WARN  o.e.m.c.i.embedder.EclipseLogger - Using platform encoding (Cp1252 actually) to copy filtered resources, i.e. build is platform dependent!
2016-10-05 19:56:51,511 [Worker-55] INFO  o.e.m.c.i.embedder.EclipseLogger - Copying 1 resource
2016-10-05 19:56:51,513 [Worker-55] WARN  o.e.m.c.i.embedder.EclipseLogger - Using platform encoding (Cp1252 actually) to copy filtered resources, i.e. build is platform dependent!
2016-10-05 19:56:51,523 [Worker-55] INFO  o.e.m.c.i.embedder.EclipseLogger - Copying 0 resource
2016-10-05 19:57:24,997 [Worker-88] WARN  o.e.m.c.i.embedder.EclipseLogger - Using platform encoding (Cp1252 actually) to copy filtered resources, i.e. build is platform dependent!
2016-10-05 19:57:25,006 [Worker-88] INFO  o.e.m.c.i.embedder.EclipseLogger - Copying 1 resource
2016-10-05 19:57:25,012 [Worker-88] WARN  o.e.m.c.i.embedder.EclipseLogger - Using platform encoding (Cp1252 actually) to copy filtered resources, i.e. build is platform dependent!
2016-10-05 19:57:25,020 [Worker-88] INFO  o.e.m.c.i.embedder.EclipseLogger - Copying 0 resource
2016-10-05 19:57:41,796 [Worker-85] WARN  o.e.m.c.i.embedder.EclipseLogger - Using platform encoding (Cp1252 actually) to copy filtered resources, i.e. build is platform dependent!
2016-10-05 19:57:41,801 [Worker-85] INFO  o.e.m.c.i.embedder.EclipseLogger - Copying 1 resource
2016-10-05 19:57:41,802 [Worker-85] WARN  o.e.m.c.i.embedder.EclipseLogger - Using platform encoding (Cp1252 actually) to copy filtered resources, i.e. build is platform dependent!
2016-10-05 19:57:41,810 [Worker-85] INFO  o.e.m.c.i.embedder.EclipseLogger - Copying 0 resource
2016-10-05 19:59:35,637 [Worker-81] WARN  o.e.m.c.i.embedder.EclipseLogger - Using platform encoding (Cp1252 actually) to copy filtered resources, i.e. build is platform dependent!
2016-10-05 19:59:35,651 [Worker-81] INFO  o.e.m.c.i.embedder.EclipseLogger - Copying 1 resource
2016-10-05 19:59:35,657 [Worker-81] WARN  o.e.m.c.i.embedder.EclipseLogger - Using platform encoding (Cp1252 actually) to copy filtered resources, i.e. build is platform dependent!
2016-10-05 19:59:35,670 [Worker-81] INFO  o.e.m.c.i.embedder.EclipseLogger - Copying 0 resource
2016-10-05 20:02:15,575 [Worker-87] WARN  o.e.m.c.i.embedder.EclipseLogger - Using platform encoding (Cp1252 actually) to copy filtered resources, i.e. build is platform dependent!
2016-10-05 20:02:15,582 [Worker-87] INFO  o.e.m.c.i.embedder.EclipseLogger - Copying 1 resource
2016-10-05 20:02:15,583 [Worker-87] WARN  o.e.m.c.i.embedder.EclipseLogger - Using platform encoding (Cp1252 actually) to copy filtered resources, i.e. build is platform dependent!
2016-10-05 20:02:15,591 [Worker-87] INFO  o.e.m.c.i.embedder.EclipseLogger - Copying 0 resource
2016-10-05 20:03:50,293 [Worker-88] WARN  o.e.m.c.i.embedder.EclipseLogger - Using platform encoding (Cp1252 actually) to copy filtered resources, i.e. build is platform dependent!
2016-10-05 20:03:50,321 [Worker-88] INFO  o.e.m.c.i.embedder.EclipseLogger - Copying 1 resource
2016-10-05 20:03:50,331 [Worker-88] WARN  o.e.m.c.i.embedder.EclipseLogger - Using platform encoding (Cp1252 actually) to copy filtered resources, i.e. build is platform dependent!
2016-10-05 20:03:50,345 [Worker-88] INFO  o.e.m.c.i.embedder.EclipseLogger - Copying 0 resource
2016-10-05 20:04:20,532 [Worker-83] WARN  o.e.m.c.i.embedder.EclipseLogger - Using platform encoding (Cp1252 actually) to copy filtered resources, i.e. build is platform dependent!
2016-10-05 20:04:20,543 [Worker-83] INFO  o.e.m.c.i.embedder.EclipseLogger - Copying 1 resource
2016-10-05 20:04:20,545 [Worker-83] WARN  o.e.m.c.i.embedder.EclipseLogger - Using platform encoding (Cp1252 actually) to copy filtered resources, i.e. build is platform dependent!
2016-10-05 20:04:20,557 [Worker-83] INFO  o.e.m.c.i.embedder.EclipseLogger - Copying 0 resource
2016-10-05 20:06:41,155 [Worker-88] WARN  o.e.m.c.i.embedder.EclipseLogger - Using platform encoding (Cp1252 actually) to copy filtered resources, i.e. build is platform dependent!
2016-10-05 20:06:41,169 [Worker-88] INFO  o.e.m.c.i.embedder.EclipseLogger - Copying 1 resource
2016-10-05 20:06:41,177 [Worker-88] WARN  o.e.m.c.i.embedder.EclipseLogger - Using platform encoding (Cp1252 actually) to copy filtered resources, i.e. build is platform dependent!
2016-10-05 20:06:41,187 [Worker-88] INFO  o.e.m.c.i.embedder.EclipseLogger - Copying 0 resource
2016-10-05 20:06:50,901 [Worker-88] WARN  o.e.m.c.i.embedder.EclipseLogger - Using platform encoding (Cp1252 actually) to copy filtered resources, i.e. build is platform dependent!
2016-10-05 20:06:50,907 [Worker-88] INFO  o.e.m.c.i.embedder.EclipseLogger - Copying 1 resource
2016-10-05 20:06:50,909 [Worker-88] WARN  o.e.m.c.i.embedder.EclipseLogger - Using platform encoding (Cp1252 actually) to copy filtered resources, i.e. build is platform dependent!
2016-10-05 20:06:50,918 [Worker-88] INFO  o.e.m.c.i.embedder.EclipseLogger - Copying 0 resource
2016-10-05 20:07:21,933 [Worker-81] WARN  o.e.m.c.i.embedder.EclipseLogger - Using platform encoding (Cp1252 actually) to copy filtered resources, i.e. build is platform dependent!
2016-10-05 20:07:21,942 [Worker-81] INFO  o.e.m.c.i.embedder.EclipseLogger - Copying 1 resource
2016-10-05 20:07:21,948 [Worker-81] WARN  o.e.m.c.i.embedder.EclipseLogger - Using platform encoding (Cp1252 actually) to copy filtered resources, i.e. build is platform dependent!
2016-10-05 20:07:21,957 [Worker-81] INFO  o.e.m.c.i.embedder.EclipseLogger - Copying 0 resource
2016-10-05 20:07:42,373 [Worker-81] WARN  o.e.m.c.i.embedder.EclipseLogger - Using platform encoding (Cp1252 actually) to copy filtered resources, i.e. build is platform dependent!
2016-10-05 20:07:42,378 [Worker-81] INFO  o.e.m.c.i.embedder.EclipseLogger - Copying 1 resource
2016-10-05 20:07:42,380 [Worker-81] WARN  o.e.m.c.i.embedder.EclipseLogger - Using platform encoding (Cp1252 actually) to copy filtered resources, i.e. build is platform dependent!
2016-10-05 20:07:42,391 [Worker-81] INFO  o.e.m.c.i.embedder.EclipseLogger - Copying 0 resource
2016-10-05 20:12:26,930 [Worker-86] WARN  o.e.m.c.i.embedder.EclipseLogger - Using platform encoding (Cp1252 actually) to copy filtered resources, i.e. build is platform dependent!
2016-10-05 20:12:26,961 [Worker-86] INFO  o.e.m.c.i.embedder.EclipseLogger - Copying 1 resource
2016-10-05 20:12:26,967 [Worker-86] WARN  o.e.m.c.i.embedder.EclipseLogger - Using platform encoding (Cp1252 actually) to copy filtered resources, i.e. build is platform dependent!
2016-10-05 20:12:26,975 [Worker-86] INFO  o.e.m.c.i.embedder.EclipseLogger - Copying 0 resource
2016-10-05 20:13:29,643 [Worker-87] WARN  o.e.m.c.i.embedder.EclipseLogger - Using platform encoding (Cp1252 actually) to copy filtered resources, i.e. build is platform dependent!
2016-10-05 20:13:29,649 [Worker-87] INFO  o.e.m.c.i.embedder.EclipseLogger - Copying 1 resource
2016-10-05 20:13:29,650 [Worker-87] WARN  o.e.m.c.i.embedder.EclipseLogger - Using platform encoding (Cp1252 actually) to copy filtered resources, i.e. build is platform dependent!
2016-10-05 20:13:29,658 [Worker-87] INFO  o.e.m.c.i.embedder.EclipseLogger - Copying 0 resource
2016-10-05 20:17:22,582 [Worker-86] WARN  o.e.m.c.i.embedder.EclipseLogger - Using platform encoding (Cp1252 actually) to copy filtered resources, i.e. build is platform dependent!
2016-10-05 20:17:22,600 [Worker-86] INFO  o.e.m.c.i.embedder.EclipseLogger - Copying 1 resource
2016-10-05 20:17:22,624 [Worker-86] WARN  o.e.m.c.i.embedder.EclipseLogger - Using platform encoding (Cp1252 actually) to copy filtered resources, i.e. build is platform dependent!
2016-10-05 20:17:22,642 [Worker-86] INFO  o.e.m.c.i.embedder.EclipseLogger - Copying 0 resource
2016-10-05 20:17:34,512 [Worker-91] WARN  o.e.m.c.i.embedder.EclipseLogger - Using platform encoding (Cp1252 actually) to copy filtered resources, i.e. build is platform dependent!
2016-10-05 20:17:34,518 [Worker-91] INFO  o.e.m.c.i.embedder.EclipseLogger - Copying 1 resource
2016-10-05 20:17:34,519 [Worker-91] WARN  o.e.m.c.i.embedder.EclipseLogger - Using platform encoding (Cp1252 actually) to copy filtered resources, i.e. build is platform dependent!
2016-10-05 20:17:34,528 [Worker-91] INFO  o.e.m.c.i.embedder.EclipseLogger - Copying 0 resource
2016-10-05 20:18:16,859 [Worker-85] WARN  o.e.m.c.i.embedder.EclipseLogger - Using platform encoding (Cp1252 actually) to copy filtered resources, i.e. build is platform dependent!
2016-10-05 20:18:16,869 [Worker-85] INFO  o.e.m.c.i.embedder.EclipseLogger - Copying 1 resource
2016-10-05 20:18:16,875 [Worker-85] WARN  o.e.m.c.i.embedder.EclipseLogger - Using platform encoding (Cp1252 actually) to copy filtered resources, i.e. build is platform dependent!
2016-10-05 20:18:16,883 [Worker-85] INFO  o.e.m.c.i.embedder.EclipseLogger - Copying 0 resource
2016-10-05 20:18:47,100 [Worker-55] WARN  o.e.m.c.i.embedder.EclipseLogger - Using platform encoding (Cp1252 actually) to copy filtered resources, i.e. build is platform dependent!
2016-10-05 20:18:47,105 [Worker-55] INFO  o.e.m.c.i.embedder.EclipseLogger - Copying 1 resource
2016-10-05 20:18:47,106 [Worker-55] WARN  o.e.m.c.i.embedder.EclipseLogger - Using platform encoding (Cp1252 actually) to copy filtered resources, i.e. build is platform dependent!
2016-10-05 20:18:47,116 [Worker-55] INFO  o.e.m.c.i.embedder.EclipseLogger - Copying 0 resource
2016-10-05 20:20:56,924 [Worker-90] WARN  o.e.m.c.i.embedder.EclipseLogger - Using platform encoding (Cp1252 actually) to copy filtered resources, i.e. build is platform dependent!
2016-10-05 20:20:56,938 [Worker-90] INFO  o.e.m.c.i.embedder.EclipseLogger - Copying 1 resource
2016-10-05 20:20:56,944 [Worker-90] WARN  o.e.m.c.i.embedder.EclipseLogger - Using platform encoding (Cp1252 actually) to copy filtered resources, i.e. build is platform dependent!
2016-10-05 20:20:56,953 [Worker-90] INFO  o.e.m.c.i.embedder.EclipseLogger - Copying 0 resource
2016-10-05 20:21:25,377 [Worker-55] WARN  o.e.m.c.i.embedder.EclipseLogger - Using platform encoding (Cp1252 actually) to copy filtered resources, i.e. build is platform dependent!
2016-10-05 20:21:25,385 [Worker-55] INFO  o.e.m.c.i.embedder.EclipseLogger - Copying 1 resource
2016-10-05 20:21:25,387 [Worker-55] WARN  o.e.m.c.i.embedder.EclipseLogger - Using platform encoding (Cp1252 actually) to copy filtered resources, i.e. build is platform dependent!
2016-10-05 20:21:25,398 [Worker-55] INFO  o.e.m.c.i.embedder.EclipseLogger - Copying 0 resource
2016-10-05 20:21:31,401 [Worker-91] WARN  o.e.m.c.i.embedder.EclipseLogger - Using platform encoding (Cp1252 actually) to copy filtered resources, i.e. build is platform dependent!
2016-10-05 20:21:31,410 [Worker-91] INFO  o.e.m.c.i.embedder.EclipseLogger - Copying 1 resource
2016-10-05 20:21:31,416 [Worker-91] WARN  o.e.m.c.i.embedder.EclipseLogger - Using platform encoding (Cp1252 actually) to copy filtered resources, i.e. build is platform dependent!
2016-10-05 20:21:31,427 [Worker-91] INFO  o.e.m.c.i.embedder.EclipseLogger - Copying 0 resource
2016-10-05 20:22:00,797 [Worker-86] WARN  o.e.m.c.i.embedder.EclipseLogger - Using platform encoding (Cp1252 actually) to copy filtered resources, i.e. build is platform dependent!
2016-10-05 20:22:00,803 [Worker-86] INFO  o.e.m.c.i.embedder.EclipseLogger - Copying 1 resource
2016-10-05 20:22:00,804 [Worker-86] WARN  o.e.m.c.i.embedder.EclipseLogger - Using platform encoding (Cp1252 actually) to copy filtered resources, i.e. build is platform dependent!
2016-10-05 20:22:00,814 [Worker-86] INFO  o.e.m.c.i.embedder.EclipseLogger - Copying 0 resource
2016-10-05 20:24:27,964 [Worker-91] WARN  o.e.m.c.i.embedder.EclipseLogger - Using platform encoding (Cp1252 actually) to copy filtered resources, i.e. build is platform dependent!
2016-10-05 20:24:27,976 [Worker-91] INFO  o.e.m.c.i.embedder.EclipseLogger - Copying 1 resource
2016-10-05 20:24:27,982 [Worker-91] WARN  o.e.m.c.i.embedder.EclipseLogger - Using platform encoding (Cp1252 actually) to copy filtered resources, i.e. build is platform dependent!
2016-10-05 20:24:27,990 [Worker-91] INFO  o.e.m.c.i.embedder.EclipseLogger - Copying 0 resource
2016-10-05 20:26:37,409 [Worker-55] WARN  o.e.m.c.i.embedder.EclipseLogger - Using platform encoding (Cp1252 actually) to copy filtered resources, i.e. build is platform dependent!
2016-10-05 20:26:37,414 [Worker-55] INFO  o.e.m.c.i.embedder.EclipseLogger - Copying 1 resource
2016-10-05 20:26:37,415 [Worker-55] WARN  o.e.m.c.i.embedder.EclipseLogger - Using platform encoding (Cp1252 actually) to copy filtered resources, i.e. build is platform dependent!
2016-10-05 20:26:37,423 [Worker-55] INFO  o.e.m.c.i.embedder.EclipseLogger - Copying 0 resource
2016-10-05 20:28:20,831 [Worker-55] WARN  o.e.m.c.i.embedder.EclipseLogger - Using platform encoding (Cp1252 actually) to copy filtered resources, i.e. build is platform dependent!
2016-10-05 20:28:20,860 [Worker-55] INFO  o.e.m.c.i.embedder.EclipseLogger - Copying 1 resource
2016-10-05 20:28:20,871 [Worker-55] WARN  o.e.m.c.i.embedder.EclipseLogger - Using platform encoding (Cp1252 actually) to copy filtered resources, i.e. build is platform dependent!
2016-10-05 20:28:20,883 [Worker-55] INFO  o.e.m.c.i.embedder.EclipseLogger - Copying 0 resource
2016-10-05 20:30:45,196 [Worker-85] WARN  o.e.m.c.i.embedder.EclipseLogger - Using platform encoding (Cp1252 actually) to copy filtered resources, i.e. build is platform dependent!
2016-10-05 20:30:45,202 [Worker-85] INFO  o.e.m.c.i.embedder.EclipseLogger - Copying 1 resource
2016-10-05 20:30:45,203 [Worker-85] WARN  o.e.m.c.i.embedder.EclipseLogger - Using platform encoding (Cp1252 actually) to copy filtered resources, i.e. build is platform dependent!
2016-10-05 20:30:45,213 [Worker-85] INFO  o.e.m.c.i.embedder.EclipseLogger - Copying 0 resource
2016-10-05 20:37:07,376 [Worker-85] WARN  o.e.m.c.i.embedder.EclipseLogger - Using platform encoding (Cp1252 actually) to copy filtered resources, i.e. build is platform dependent!
2016-10-05 20:37:07,411 [Worker-85] INFO  o.e.m.c.i.embedder.EclipseLogger - Copying 1 resource
2016-10-05 20:37:07,420 [Worker-85] WARN  o.e.m.c.i.embedder.EclipseLogger - Using platform encoding (Cp1252 actually) to copy filtered resources, i.e. build is platform dependent!
2016-10-05 20:37:07,431 [Worker-85] INFO  o.e.m.c.i.embedder.EclipseLogger - Copying 0 resource
2016-10-05 20:41:33,291 [Worker-92] WARN  o.e.m.c.i.embedder.EclipseLogger - Using platform encoding (Cp1252 actually) to copy filtered resources, i.e. build is platform dependent!
2016-10-05 20:41:33,298 [Worker-92] INFO  o.e.m.c.i.embedder.EclipseLogger - Copying 1 resource
2016-10-05 20:41:33,299 [Worker-92] WARN  o.e.m.c.i.embedder.EclipseLogger - Using platform encoding (Cp1252 actually) to copy filtered resources, i.e. build is platform dependent!
2016-10-05 20:41:33,309 [Worker-92] INFO  o.e.m.c.i.embedder.EclipseLogger - Copying 0 resource
2016-10-05 20:44:31,801 [Worker-55] WARN  o.e.m.c.i.embedder.EclipseLogger - Using platform encoding (Cp1252 actually) to copy filtered resources, i.e. build is platform dependent!
2016-10-05 20:44:31,817 [Worker-55] INFO  o.e.m.c.i.embedder.EclipseLogger - Copying 1 resource
2016-10-05 20:44:31,825 [Worker-55] WARN  o.e.m.c.i.embedder.EclipseLogger - Using platform encoding (Cp1252 actually) to copy filtered resources, i.e. build is platform dependent!
2016-10-05 20:44:31,836 [Worker-55] INFO  o.e.m.c.i.embedder.EclipseLogger - Copying 0 resource
2016-10-05 20:47:34,248 [Worker-92] WARN  o.e.m.c.i.embedder.EclipseLogger - Using platform encoding (Cp1252 actually) to copy filtered resources, i.e. build is platform dependent!
2016-10-05 20:47:34,257 [Worker-92] INFO  o.e.m.c.i.embedder.EclipseLogger - Copying 1 resource
2016-10-05 20:47:34,258 [Worker-92] WARN  o.e.m.c.i.embedder.EclipseLogger - Using platform encoding (Cp1252 actually) to copy filtered resources, i.e. build is platform dependent!
2016-10-05 20:47:34,268 [Worker-92] INFO  o.e.m.c.i.embedder.EclipseLogger - Copying 0 resource
2016-10-05 20:48:41,615 [Worker-55] WARN  o.e.m.c.i.embedder.EclipseLogger - Using platform encoding (Cp1252 actually) to copy filtered resources, i.e. build is platform dependent!
2016-10-05 20:48:41,631 [Worker-55] INFO  o.e.m.c.i.embedder.EclipseLogger - Copying 1 resource
2016-10-05 20:48:41,637 [Worker-55] WARN  o.e.m.c.i.embedder.EclipseLogger - Using platform encoding (Cp1252 actually) to copy filtered resources, i.e. build is platform dependent!
2016-10-05 20:48:41,647 [Worker-55] INFO  o.e.m.c.i.embedder.EclipseLogger - Copying 0 resource
2016-10-05 20:50:29,885 [Worker-86] WARN  o.e.m.c.i.embedder.EclipseLogger - Using platform encoding (Cp1252 actually) to copy filtered resources, i.e. build is platform dependent!
2016-10-05 20:50:29,897 [Worker-86] INFO  o.e.m.c.i.embedder.EclipseLogger - Copying 1 resource
2016-10-05 20:50:29,899 [Worker-86] WARN  o.e.m.c.i.embedder.EclipseLogger - Using platform encoding (Cp1252 actually) to copy filtered resources, i.e. build is platform dependent!
2016-10-05 20:50:29,910 [Worker-86] INFO  o.e.m.c.i.embedder.EclipseLogger - Copying 0 resource
